Command line:
   calc_isim_beh.exe
     -simmode  gui
     -simrunnum  0
     -socket  49983

Mon Sep 26 19:15:31 2016


 Elaboration Time: 0.015625 sec

 Current Memory Usage: 823.37 Meg

 Total Signals          : 20
 Total Nets             : 44
 Total Signal Drivers   : 6
 Total Blocks           : 8
 Total Primitive Blocks : 7
 Total Processes        : 6
 Total Traceable Variables  : 10
 Total Scalar Nets and Variables : 422
Total Line Count : 10

 Total Simulation Time: 0.109375 sec

 Current Memory Usage: 350.724 Meg

Mon Sep 26 19:36:37 2016

