Command line:
   calc_tb_isim_beh.exe
     -simmode  gui
     -simrunnum  0
     -socket  50624

Mon Sep 26 23:52:24 2016


 Elaboration Time: 0 sec

 Current Memory Usage: 823.173 Meg

 Total Signals          : 35
 Total Nets             : 54
 Total Signal Drivers   : 10
 Total Blocks           : 11
 Total Primitive Blocks : 9
 Total Processes        : 9
 Total Traceable Variables  : 10
 Total Scalar Nets and Variables : 432
Total Line Count : 24

 Total Simulation Time: 0.484375 sec

 Current Memory Usage: 665.625 Meg

Mon Sep 26 23:54:42 2016

