Release 12.4 - xst M.81d (lin64)
Copyright (c) 1995-2010 Xilinx, Inc.  All rights reserved.
--> 
Parameter TMPDIR set to xst/projnav.tmp


Total REAL time to Xst completion: 0.00 secs
Total CPU time to Xst completion: 0.03 secs
 
--> 
Parameter xsthdpdir set to xst


Total REAL time to Xst completion: 0.00 secs
Total CPU time to Xst completion: 0.03 secs
 
--> 
Reading design: ex4.prj

TABLE OF CONTENTS
  1) Synthesis Options Summary
  2) HDL Parsing
  3) HDL Elaboration
  4) HDL Synthesis
       4.1) HDL Synthesis Report
  5) Advanced HDL Synthesis
       5.1) Advanced HDL Synthesis Report
  6) Low Level Synthesis
  7) Partition Report
  8) Design Summary
       8.1) Primitive and Black Box Usage
       8.2) Device utilization summary
       8.3) Partition Resource Summary
       8.4) Timing Report
            8.4.1) Clock Information
            8.4.2) Asynchronous Control Signals Information
            8.4.3) Timing Summary
            8.4.4) Timing Details
            8.4.5) Cross Clock Domains Report


=========================================================================
*                      Synthesis Options Summary                        *
=========================================================================
---- Source Parameters
Input File Name                    : "ex4.prj"
Input Format                       : mixed
Ignore Synthesis Constraint File   : NO

---- Target Parameters
Output File Name                   : "ex4"
Output Format                      : NGC
Target Device                      : xc6slx16-3-csg324

---- Source Options
Top Module Name                    : ex4
Automatic FSM Extraction           : YES
FSM Encoding Algorithm             : Auto
Safe Implementation                : No
FSM Style                          : LUT
RAM Extraction                     : Yes
RAM Style                          : Auto
ROM Extraction                     : Yes
Shift Register Extraction          : YES
ROM Style                          : Auto
Resource Sharing                   : YES
Asynchronous To Synchronous        : NO
Shift Register Minimum Size        : 2
Use DSP Block                      : Auto
Automatic Register Balancing       : No

---- Target Options
LUT Combining                      : Auto
Reduce Control Sets                : Auto
Add IO Buffers                     : YES
Global Maximum Fanout              : 100000
Add Generic Clock Buffer(BUFG)     : 16
Register Duplication               : YES
Optimize Instantiated Primitives   : NO
Use Clock Enable                   : Auto
Use Synchronous Set                : Auto
Use Synchronous Reset              : Auto
Pack IO Registers into IOBs        : Auto
Equivalent register Removal        : YES

---- General Options
Optimization Goal                  : Speed
Optimization Effort                : 1
Power Reduction                    : NO
Keep Hierarchy                     : No
Netlist Hierarchy                  : As_Optimized
RTL Output                         : Yes
Global Optimization                : AllClockNets
Read Cores                         : YES
Write Timing Constraints           : NO
Cross Clock Analysis               : NO
Hierarchy Separator                : /
Bus Delimiter                      : <>
Case Specifier                     : Maintain
Slice Utilization Ratio            : 100
BRAM Utilization Ratio             : 100
DSP48 Utilization Ratio            : 100
Auto BRAM Packing                  : NO
Slice Utilization Ratio Delta      : 5

=========================================================================


=========================================================================
*                          HDL Parsing                                  *
=========================================================================
Parsing VHDL file "/home/m1/vigreux/m1s1aeo/tp3exo1/ex4.vhd" into library work
Parsing entity <ex4>.
Parsing architecture <synthesizable> of entity <ex4>.

=========================================================================
*                            HDL Elaboration                            *
=========================================================================

Elaborating entity <ex4> (architecture <synthesizable>) from library <work>.
INFO:HDLCompiler:679 - "/home/m1/vigreux/m1s1aeo/tp3exo1/ex4.vhd" Line 38. Case statement is complete. others clause is never selected

=========================================================================
*                           HDL Synthesis                               *
=========================================================================

Synthesizing Unit <ex4>.
    Related source file is "/home/m1/vigreux/m1s1aeo/tp3exo1/ex4.vhd".
    Found 1-bit 4-to-1 multiplexer for signal <H> created at line 33.
WARNING:Xst:737 - Found 1-bit latch for signal <G>. Latches may be generated from incomplete case or if statements. We do not recommend the use of latches in FPGA/CPLD designs, as they may lead to timing problems.
WARNING:Xst:737 - Found 1-bit latch for signal <F>. Latches may be generated from incomplete case or if statements. We do not recommend the use of latches in FPGA/CPLD designs, as they may lead to timing problems.
    Summary:
	inferred   2 Latch(s).
	inferred   2 Multiplexer(s).
Unit <ex4> synthesized.
RTL-Simplification CPUSTAT: 0.00 
RTL-BasicInf CPUSTAT: 0.00 
RTL-BasicOpt CPUSTAT: 0.00 
RTL-Remain-Bus CPUSTAT: 0.00 

=========================================================================
HDL Synthesis Report

Macro Statistics
# Latches                                              : 2
 1-bit latch                                           : 2
# Multiplexers                                         : 2
 1-bit 2-to-1 multiplexer                              : 1
 1-bit 4-to-1 multiplexer                              : 1

=========================================================================

=========================================================================
*                       Advanced HDL Synthesis                          *
=========================================================================


=========================================================================
Advanced HDL Synthesis Report

Macro Statistics
# Multiplexers                                         : 2
 1-bit 2-to-1 multiplexer                              : 1
 1-bit 4-to-1 multiplexer                              : 1

=========================================================================

=========================================================================
*                         Low Level Synthesis                           *
=========================================================================

Optimizing unit <ex4> ...

Mapping all equations...
Building and optimizing final netlist ...
Found area constraint ratio of 100 (+ 5) on block ex4, actual ratio is 0.

Final Macro Processing ...

=========================================================================
Final Register Report

Found no macro
=========================================================================

=========================================================================
*                           Partition Report                            *
=========================================================================

Partition Implementation Status
-------------------------------

  No Partitions were found in this design.

-------------------------------

=========================================================================
*                            Design Summary                             *
=========================================================================

Top Level Output File Name         : ex4.ngc

Primitive and Black Box Usage:
------------------------------
# BELS                             : 4
#      INV                         : 1
#      LUT2                        : 1
#      LUT3                        : 1
#      LUT6                        : 1
# FlipFlops/Latches                : 2
#      LD                          : 2
# Clock Buffers                    : 1
#      BUFG                        : 1
# IO Buffers                       : 9
#      IBUF                        : 6
#      OBUF                        : 3

Device utilization summary:
---------------------------

Selected Device : 6slx16csg324-3 


Slice Logic Utilization: 
 Number of Slice LUTs:                    4  out of   9112     0%  
    Number used as Logic:                 4  out of   9112     0%  

Slice Logic Distribution: 
 Number of LUT Flip Flop pairs used:      4
   Number with an unused Flip Flop:       4  out of      4   100%  
   Number with an unused LUT:             0  out of      4     0%  
   Number of fully used LUT-FF pairs:     0  out of      4     0%  
   Number of unique control sets:         2

IO Utilization: 
 Number of IOs:                           9
 Number of bonded IOBs:                   9  out of    232     3%  
    IOB Flip Flops/Latches:               2

Specific Feature Utilization:
 Number of BUFG/BUFGCTRLs:                1  out of     16     6%  

---------------------------
Partition Resource Summary:
---------------------------

  No Partitions were found in this design.

---------------------------


=========================================================================
Timing Report

NOTE: THESE TIMING NUMBERS ARE ONLY A SYNTHESIS ESTIMATE.
      FOR ACCURATE TIMING INFORMATION PLEASE REFER TO THE TRACE REPORT
      GENERATED AFTER PLACE-and-ROUTE.

Clock Information:
------------------
-----------------------------------+------------------------+-------+
Clock Signal                       | Clock buffer(FF name)  | Load  |
-----------------------------------+------------------------+-------+
_n0012<1>(_n0012<1>1:O)            | NONE(*)(G)             | 1     |
A<1>                               | IBUF+BUFG              | 1     |
-----------------------------------+------------------------+-------+
(*) This 1 clock signal(s) are generated by combinatorial logic,
and XST is not able to identify which are the primary clock signals.
Please use the CLOCK_SIGNAL constraint to specify the clock signal(s) generated by combinatorial logic.
INFO:Xst:2169 - HDL ADVISOR - Some clock signals were not automatically buffered by XST with BUFG/BUFR resources. Please use the buffer_type constraint in order to insert these buffers to the clock signals to help prevent skew problems.

Asynchronous Control Signals Information:
----------------------------------------
No asynchronous control signals found in this design

Timing Summary:
---------------
Speed Grade: -3

   Minimum period: No path found
   Minimum input arrival time before clock: 2.343ns
   Maximum output required time after clock: 3.648ns
   Maximum combinational path delay: 5.570ns

Timing Details:
---------------
All values displayed in nanoseconds (ns)

=========================================================================
Timing constraint: Default OFFSET IN BEFORE for Clock '_n0012<1>'
  Total number of paths / destination ports: 1 / 1
-------------------------------------------------------------------------
Offset:              1.909ns (Levels of Logic = 1)
  Source:            B (PAD)
  Destination:       G (LATCH)
  Destination Clock: _n0012<1> falling

  Data Path: B to G
                                Gate     Net
    Cell:in->out      fanout   Delay   Delay  Logical Name (Net Name)
    ----------------------------------------  ------------
     IBUF:I->O             3   1.222   0.650  B_IBUF (B_IBUF)
     LD:D                      0.037          G
    ----------------------------------------
    Total                      1.909ns (1.259ns logic, 0.650ns route)
                                       (65.9% logic, 34.1% route)

=========================================================================
Timing constraint: Default OFFSET IN BEFORE for Clock 'A<1>'
  Total number of paths / destination ports: 3 / 1
-------------------------------------------------------------------------
Offset:              2.343ns (Levels of Logic = 2)
  Source:            A<0> (PAD)
  Destination:       F (LATCH)
  Destination Clock: A<1> rising

  Data Path: A<0> to F
                                Gate     Net
    Cell:in->out      fanout   Delay   Delay  Logical Name (Net Name)
    ----------------------------------------  ------------
     IBUF:I->O             3   1.222   0.879  A_0_IBUF (A_0_IBUF)
     LUT3:I0->O            1   0.205   0.000  Mmux_A[1]_F_Mux_3_o11 (A[1]_F_Mux_3_o)
     LD:D                      0.037          F
    ----------------------------------------
    Total                      2.343ns (1.464ns logic, 0.879ns route)
                                       (62.5% logic, 37.5% route)

=========================================================================
Timing constraint: Default OFFSET OUT AFTER for Clock 'A<1>'
  Total number of paths / destination ports: 1 / 1
-------------------------------------------------------------------------
Offset:              3.648ns (Levels of Logic = 1)
  Source:            F (LATCH)
  Destination:       F (PAD)
  Source Clock:      A<1> rising

  Data Path: F to F
                                Gate     Net
    Cell:in->out      fanout   Delay   Delay  Logical Name (Net Name)
    ----------------------------------------  ------------
     LD:G->Q               1   0.498   0.579  F (F_OBUF)
     OBUF:I->O                 2.571          F_OBUF (F)
    ----------------------------------------
    Total                      3.648ns (3.069ns logic, 0.579ns route)
                                       (84.1% logic, 15.9% route)

=========================================================================
Timing constraint: Default OFFSET OUT AFTER for Clock '_n0012<1>'
  Total number of paths / destination ports: 1 / 1
-------------------------------------------------------------------------
Offset:              3.648ns (Levels of Logic = 1)
  Source:            G (LATCH)
  Destination:       G (PAD)
  Source Clock:      _n0012<1> falling

  Data Path: G to G
                                Gate     Net
    Cell:in->out      fanout   Delay   Delay  Logical Name (Net Name)
    ----------------------------------------  ------------
     LD:G->Q               1   0.498   0.579  G (G_OBUF)
     OBUF:I->O                 2.571          G_OBUF (G)
    ----------------------------------------
    Total                      3.648ns (3.069ns logic, 0.579ns route)
                                       (84.1% logic, 15.9% route)

=========================================================================
Timing constraint: Default path analysis
  Total number of paths / destination ports: 6 / 1
-------------------------------------------------------------------------
Delay:               5.570ns (Levels of Logic = 3)
  Source:            A<0> (PAD)
  Destination:       H (PAD)

  Data Path: A<0> to H
                                Gate     Net
    Cell:in->out      fanout   Delay   Delay  Logical Name (Net Name)
    ----------------------------------------  ------------
     IBUF:I->O             3   1.222   0.995  A_0_IBUF (A_0_IBUF)
     LUT6:I1->O            1   0.203   0.579  Mmux_H11 (H_OBUF)
     OBUF:I->O                 2.571          H_OBUF (H)
    ----------------------------------------
    Total                      5.570ns (3.996ns logic, 1.574ns route)
                                       (71.7% logic, 28.3% route)

=========================================================================

Cross Clock Domains Report:
--------------------------

=========================================================================


Total REAL time to Xst completion: 2.00 secs
Total CPU time to Xst completion: 2.06 secs
 
--> 


Total memory usage is 353244 kilobytes

Number of errors   :    0 (   0 filtered)
Number of warnings :    2 (   0 filtered)
Number of infos    :    1 (   0 filtered)

