Command line:
   shift_isim_beh.exe
     -simmode  gui
     -simrunnum  0
     -socket  33024

Tue Oct  4 17:51:11 2016


 Elaboration Time: 0.01 sec

 Current Memory Usage: 157.7 Meg

 Total Signals          : 36
 Total Nets             : 30
 Total Signal Drivers   : 9
 Total Blocks           : 10
 Total Primitive Blocks : 9
 Total Processes        : 9
 Total Traceable Variables  : 16
 Total Scalar Nets and Variables : 398
Total Line Count : 17

 Total Simulation Time: 0.06 sec

 Current Memory Usage: 232.149 Meg

Tue Oct  4 17:54:01 2016

