--------------------------------------------------------------------------------
Release 12.4 Trace  (nt)
Copyright (c) 1995-2010 Xilinx, Inc.  All rights reserved.

C:\Xilinx\12.4\ISE_DS\ISE\bin\nt\unwrapped\trce.exe -intstyle ise -v 3 -s 3 -n
3 -fastpaths -xml calc.twx calc.ncd -o calc.twr calc.pcf -ucf calc.ucf

Design file:              calc.ncd
Physical constraint file: calc.pcf
Device,package,speed:     xc6slx16,csg324,C,-3 (PRODUCTION 1.15 2010-12-02)
Report level:             verbose report

Environment Variable      Effect 
--------------------      ------ 
NONE                      No environment variables were set
--------------------------------------------------------------------------------

INFO:Timing:2698 - No timing constraints found, doing default enumeration.
INFO:Timing:2752 - To get complete path coverage, use the unconstrained paths 
   option. All paths that are not constrained will be reported in the 
   unconstrained paths section(s) of the report.
INFO:Timing:3339 - The clock-to-out numbers in this timing report are based on 
   a 50 Ohm transmission line loading model.  For the details of this model, 
   and for more information on accounting for different loading conditions, 
   please see the device datasheet.



Data Sheet report:
-----------------
All values displayed in nanoseconds (ns)

Pad to Pad
---------------+---------------+---------+
Source Pad     |Destination Pad|  Delay  |
---------------+---------------+---------+
btn<0>         |led<0>         |   11.648|
btn<0>         |led<1>         |   11.916|
btn<0>         |led<2>         |   11.716|
btn<0>         |led<3>         |   12.397|
btn<0>         |led<4>         |   11.336|
btn<0>         |sevenseg<0>    |   12.986|
btn<0>         |sevenseg<1>    |   12.068|
btn<0>         |sevenseg<2>    |   12.662|
btn<0>         |sevenseg<3>    |   12.825|
btn<0>         |sevenseg<4>    |   12.904|
btn<0>         |sevenseg<5>    |   12.600|
btn<0>         |sevenseg<6>    |   12.877|
btn<1>         |led<0>         |   10.797|
btn<1>         |led<1>         |   11.112|
btn<1>         |led<2>         |   11.855|
btn<1>         |led<3>         |   11.580|
btn<1>         |led<4>         |   10.519|
btn<1>         |sevenseg<0>    |   12.299|
btn<1>         |sevenseg<1>    |   11.717|
btn<1>         |sevenseg<2>    |   12.339|
btn<1>         |sevenseg<3>    |   12.138|
btn<1>         |sevenseg<4>    |   12.618|
btn<1>         |sevenseg<5>    |   12.277|
btn<1>         |sevenseg<6>    |   12.591|
switches<0>    |led<0>         |    8.894|
switches<0>    |led<1>         |    9.082|
switches<0>    |led<2>         |    9.010|
switches<0>    |led<3>         |    9.277|
switches<0>    |led<4>         |    8.216|
switches<0>    |sevenseg<0>    |    9.866|
switches<0>    |sevenseg<1>    |    9.290|
switches<0>    |sevenseg<2>    |    9.722|
switches<0>    |sevenseg<3>    |    9.705|
switches<0>    |sevenseg<4>    |    9.897|
switches<0>    |sevenseg<5>    |    9.660|
switches<0>    |sevenseg<6>    |    9.870|
switches<1>    |led<1>         |    8.617|
switches<1>    |led<2>         |    9.024|
switches<1>    |led<3>         |    8.862|
switches<1>    |led<4>         |    7.801|
switches<1>    |sevenseg<0>    |    9.468|
switches<1>    |sevenseg<1>    |    8.886|
switches<1>    |sevenseg<2>    |    9.508|
switches<1>    |sevenseg<3>    |    9.307|
switches<1>    |sevenseg<4>    |    9.787|
switches<1>    |sevenseg<5>    |    9.446|
switches<1>    |sevenseg<6>    |    9.760|
switches<2>    |led<2>         |    9.760|
switches<2>    |led<3>         |    9.003|
switches<2>    |led<4>         |    7.942|
switches<2>    |sevenseg<0>    |   10.204|
switches<2>    |sevenseg<1>    |    9.622|
switches<2>    |sevenseg<2>    |   10.244|
switches<2>    |sevenseg<3>    |   10.043|
switches<2>    |sevenseg<4>    |   10.523|
switches<2>    |sevenseg<5>    |   10.182|
switches<2>    |sevenseg<6>    |   10.496|
switches<3>    |led<3>         |    8.681|
switches<3>    |led<4>         |    7.620|
switches<3>    |sevenseg<0>    |    9.270|
switches<3>    |sevenseg<1>    |    8.352|
switches<3>    |sevenseg<2>    |    8.946|
switches<3>    |sevenseg<3>    |    9.109|
switches<3>    |sevenseg<4>    |    9.188|
switches<3>    |sevenseg<5>    |    8.884|
switches<3>    |sevenseg<6>    |    9.161|
switches<4>    |led<0>         |    9.007|
switches<4>    |led<1>         |    9.110|
switches<4>    |led<2>         |    8.775|
switches<4>    |led<3>         |    9.531|
switches<4>    |led<4>         |    8.470|
switches<4>    |sevenseg<0>    |   10.120|
switches<4>    |sevenseg<1>    |    9.403|
switches<4>    |sevenseg<2>    |    9.835|
switches<4>    |sevenseg<3>    |    9.959|
switches<4>    |sevenseg<4>    |   10.038|
switches<4>    |sevenseg<5>    |    9.773|
switches<4>    |sevenseg<6>    |   10.011|
switches<5>    |led<1>         |    8.801|
switches<5>    |led<2>         |    9.077|
switches<5>    |led<3>         |    9.333|
switches<5>    |led<4>         |    8.272|
switches<5>    |sevenseg<0>    |    9.922|
switches<5>    |sevenseg<1>    |    9.004|
switches<5>    |sevenseg<2>    |    9.598|
switches<5>    |sevenseg<3>    |    9.761|
switches<5>    |sevenseg<4>    |    9.840|
switches<5>    |sevenseg<5>    |    9.536|
switches<5>    |sevenseg<6>    |    9.813|
switches<6>    |led<2>         |    9.823|
switches<6>    |led<3>         |    9.248|
switches<6>    |led<4>         |    8.187|
switches<6>    |sevenseg<0>    |   10.267|
switches<6>    |sevenseg<1>    |    9.685|
switches<6>    |sevenseg<2>    |   10.307|
switches<6>    |sevenseg<3>    |   10.106|
switches<6>    |sevenseg<4>    |   10.586|
switches<6>    |sevenseg<5>    |   10.245|
switches<6>    |sevenseg<6>    |   10.559|
switches<7>    |led<3>         |    9.019|
switches<7>    |led<4>         |    7.958|
switches<7>    |sevenseg<0>    |    9.608|
switches<7>    |sevenseg<1>    |    8.690|
switches<7>    |sevenseg<2>    |    9.284|
switches<7>    |sevenseg<3>    |    9.447|
switches<7>    |sevenseg<4>    |    9.526|
switches<7>    |sevenseg<5>    |    9.222|
switches<7>    |sevenseg<6>    |    9.499|
---------------+---------------+---------+


Analysis completed Mon Sep 26 23:51:33 2016 
--------------------------------------------------------------------------------

Trace Settings:
-------------------------
Trace Settings 

Peak Memory Usage: 166 MB



