Running: C:\Xilinx\12.4\ISE_DS\ISE\bin\nt\unwrapped\fuse.exe -intstyle ise -incremental -lib secureip -o E:/wared/Workspace/m1s1aeo/TP2/calc_tb_isim_beh.exe -prj E:/wared/Workspace/m1s1aeo/TP2/calc_tb_beh.prj work.calc_tb 
ISim M.81d (signature 0xcb73ee62)
Number of CPUs detected in this system: 4
Turning on mult-threading, number of parallel sub-compilation jobs: 8 
Determining compilation order of HDL files
Parsing VHDL file "E:/wared/Workspace/m1s1aeo/TP2/xor4.vhd" into library work
Parsing VHDL file "E:/wared/Workspace/m1s1aeo/TP2/x7seg.vhd" into library work
Parsing VHDL file "E:/wared/Workspace/m1s1aeo/TP2/or4.vhd" into library work
Parsing VHDL file "E:/wared/Workspace/m1s1aeo/TP2/minimux.vhd" into library work
Parsing VHDL file "E:/wared/Workspace/m1s1aeo/TP2/and4.vhd" into library work
Parsing VHDL file "E:/wared/Workspace/m1s1aeo/TP2/add4.vhd" into library work
Parsing VHDL file "E:/wared/Workspace/m1s1aeo/TP2/calc.vhd" into library work
Parsing VHDL file "E:/wared/Workspace/m1s1aeo/TP2/calc_tb.vhd" into library work
Starting static elaboration
Completed static elaboration
Fuse Memory Usage: 153484 KB
Fuse CPU Usage: 203 ms
Using precompiled package standard from library std
Using precompiled package std_logic_1164 from library ieee
Using precompiled package std_logic_arith from library ieee
Using precompiled package std_logic_unsigned from library ieee
Compiling architecture behavioral of entity minimux [minimux_default]
Compiling architecture behavioral of entity add4 [add4_default]
Compiling architecture behavioral of entity and4 [and4_default]
Compiling architecture behavioral of entity or4 [or4_default]
Compiling architecture behavioral of entity xor4 [xor4_default]
Compiling architecture behavioral of entity x7seg [x7seg_default]
Compiling architecture behavioral of entity calc [calc_default]
Compiling architecture behavior of entity calc_tb
Time Resolution for simulation is 1ps.
Waiting for 1 sub-compilation(s) to finish...
Compiled 19 VHDL Units
Built simulation executable E:/wared/Workspace/m1s1aeo/TP2/calc_tb_isim_beh.exe
Fuse Memory Usage: 159188 KB
Fuse CPU Usage: 233 ms
