Running: /opt/Xilinx/12.4/ISE_DS/ISE/bin/lin64/unwrapped/fuse -intstyle ise -incremental -lib secureip -o /home/m1/delbar/Workspace/m1s1aeo/TP4/shift_isim_beh.exe -prj /home/m1/delbar/Workspace/m1s1aeo/TP4/shift_beh.prj work.shift 
ISim M.81d (signature 0x9ca8bed6)
Number of CPUs detected in this system: 4
Turning on mult-threading, number of parallel sub-compilation jobs: 8 
Determining compilation order of HDL files
Parsing VHDL file "/home/m1/delbar/Workspace/m1s1aeo/TP4/fpd.vhd" into library work
Parsing VHDL file "/home/m1/delbar/Workspace/m1s1aeo/TP4/shift.vhd" into library work
Starting static elaboration
Completed static elaboration
Fuse Memory Usage: 72124 KB
Fuse CPU Usage: 50 ms
Using precompiled package standard from library std
Using precompiled package std_logic_1164 from library ieee
Compiling architecture behavioral of entity fpd [\fpd('0')\]
Compiling architecture behavioral of entity fpd [\fpd('1')\]
Compiling architecture behavioral of entity shift
Time Resolution for simulation is 1ps.
Waiting for 1 sub-compilation(s) to finish...
Compiled 7 VHDL Units
Built simulation executable /home/m1/delbar/Workspace/m1s1aeo/TP4/shift_isim_beh.exe
Fuse Memory Usage: 633292 KB
Fuse CPU Usage: 60 ms
GCC CPU Usage: 110 ms
