Release 12.4 - xst M.81d (lin64)
Copyright (c) 1995-2010 Xilinx, Inc.  All rights reserved.
--> 
Parameter TMPDIR set to xst/projnav.tmp


Total REAL time to Xst completion: 0.00 secs
Total CPU time to Xst completion: 0.03 secs
 
--> 
Parameter xsthdpdir set to xst


Total REAL time to Xst completion: 0.00 secs
Total CPU time to Xst completion: 0.03 secs
 
--> 
Reading design: shift_vector.prj

TABLE OF CONTENTS
  1) Synthesis Options Summary
  2) HDL Parsing
  3) HDL Elaboration
  4) HDL Synthesis
       4.1) HDL Synthesis Report
  5) Advanced HDL Synthesis
       5.1) Advanced HDL Synthesis Report
  6) Low Level Synthesis
  7) Partition Report
  8) Design Summary
       8.1) Primitive and Black Box Usage
       8.2) Device utilization summary
       8.3) Partition Resource Summary
       8.4) Timing Report
            8.4.1) Clock Information
            8.4.2) Asynchronous Control Signals Information
            8.4.3) Timing Summary
            8.4.4) Timing Details
            8.4.5) Cross Clock Domains Report


=========================================================================
*                      Synthesis Options Summary                        *
=========================================================================
---- Source Parameters
Input File Name                    : "shift_vector.prj"
Input Format                       : mixed
Ignore Synthesis Constraint File   : NO

---- Target Parameters
Output File Name                   : "shift_vector"
Output Format                      : NGC
Target Device                      : xc6slx16-3-csg324

---- Source Options
Top Module Name                    : shift_vector
Automatic FSM Extraction           : YES
FSM Encoding Algorithm             : Auto
Safe Implementation                : No
FSM Style                          : LUT
RAM Extraction                     : Yes
RAM Style                          : Auto
ROM Extraction                     : Yes
Shift Register Extraction          : YES
ROM Style                          : Auto
Resource Sharing                   : YES
Asynchronous To Synchronous        : NO
Shift Register Minimum Size        : 2
Use DSP Block                      : Auto
Automatic Register Balancing       : No

---- Target Options
LUT Combining                      : Auto
Reduce Control Sets                : Auto
Add IO Buffers                     : YES
Global Maximum Fanout              : 100000
Add Generic Clock Buffer(BUFG)     : 16
Register Duplication               : YES
Optimize Instantiated Primitives   : NO
Use Clock Enable                   : Auto
Use Synchronous Set                : Auto
Use Synchronous Reset              : Auto
Pack IO Registers into IOBs        : Auto
Equivalent register Removal        : YES

---- General Options
Optimization Goal                  : Speed
Optimization Effort                : 1
Power Reduction                    : NO
Keep Hierarchy                     : No
Netlist Hierarchy                  : As_Optimized
RTL Output                         : Yes
Global Optimization                : AllClockNets
Read Cores                         : YES
Write Timing Constraints           : NO
Cross Clock Analysis               : NO
Hierarchy Separator                : /
Bus Delimiter                      : <>
Case Specifier                     : Maintain
Slice Utilization Ratio            : 100
BRAM Utilization Ratio             : 100
DSP48 Utilization Ratio            : 100
Auto BRAM Packing                  : NO
Slice Utilization Ratio Delta      : 5

=========================================================================


=========================================================================
*                          HDL Parsing                                  *
=========================================================================
Parsing VHDL file "/home/m1/delbar/Workspace/m1s1aeo/TP4/clkdiv.vhd" into library work
Parsing entity <clkdiv>.
Parsing architecture <Behavioral> of entity <clkdiv>.
Parsing VHDL file "/home/m1/delbar/Workspace/m1s1aeo/TP4/shift_vector.vhd" into library work
Parsing entity <shift_vector>.
Parsing architecture <Behavioral> of entity <shift_vector>.

=========================================================================
*                            HDL Elaboration                            *
=========================================================================

Elaborating entity <shift_vector> (architecture <Behavioral>) from library <work>.

Elaborating entity <clkdiv> (architecture <Behavioral>) from library <work>.

=========================================================================
*                           HDL Synthesis                               *
=========================================================================

Synthesizing Unit <shift_vector>.
    Related source file is "/home/m1/delbar/Workspace/m1s1aeo/TP4/shift_vector.vhd".
    Found 8-bit register for signal <led>.
    Summary:
	inferred   8 D-type flip-flop(s).
Unit <shift_vector> synthesized.

Synthesizing Unit <clkdiv>.
    Related source file is "/home/m1/delbar/Workspace/m1s1aeo/TP4/clkdiv.vhd".
    Found 1-bit register for signal <clk2>.
    Found 32-bit register for signal <i>.
    Found 32-bit adder for signal <i[31]_GND_4_o_add_0_OUT> created at line 49.
    Summary:
	inferred   1 Adder/Subtractor(s).
	inferred  33 D-type flip-flop(s).
Unit <clkdiv> synthesized.
RTL-Simplification CPUSTAT: 0.00 
RTL-BasicInf CPUSTAT: 0.08 
RTL-BasicOpt CPUSTAT: 0.00 
RTL-Remain-Bus CPUSTAT: 0.01 

=========================================================================
HDL Synthesis Report

Macro Statistics
# Adders/Subtractors                                   : 1
 32-bit adder                                          : 1
# Registers                                            : 3
 1-bit register                                        : 1
 32-bit register                                       : 1
 8-bit register                                        : 1

=========================================================================

=========================================================================
*                       Advanced HDL Synthesis                          *
=========================================================================


Synthesizing (advanced) Unit <clkdiv>.
The following registers are absorbed into counter <i>: 1 register on signal <i>.
Unit <clkdiv> synthesized (advanced).

=========================================================================
Advanced HDL Synthesis Report

Macro Statistics
# Adders/Subtractors                                   : 1
 32-bit adder                                          : 1
# Counters                                             : 1
 32-bit up counter                                     : 1
# Registers                                            : 9
 Flip-Flops                                            : 9

=========================================================================

=========================================================================
*                         Low Level Synthesis                           *
=========================================================================
INFO:Xst:2261 - The FF/Latch <temp_6> in Unit <shift_vector> is equivalent to the following FF/Latch, which will be removed : <temp_7> 

Optimizing unit <shift_vector> ...

Mapping all equations...
Building and optimizing final netlist ...
Found area constraint ratio of 100 (+ 5) on block shift_vector, actual ratio is 0.

Final Macro Processing ...

=========================================================================
Final Register Report

Macro Statistics
# Registers                                            : 40
 Flip-Flops                                            : 40

=========================================================================

=========================================================================
*                           Partition Report                            *
=========================================================================

Partition Implementation Status
-------------------------------

  No Partitions were found in this design.

-------------------------------

=========================================================================
*                            Design Summary                             *
=========================================================================

Top Level Output File Name         : shift_vector.ngc

Primitive and Black Box Usage:
------------------------------
# BELS                             : 234
#      GND                         : 1
#      INV                         : 2
#      LUT1                        : 62
#      LUT2                        : 33
#      LUT3                        : 1
#      LUT5                        : 2
#      LUT6                        : 6
#      MUXCY                       : 62
#      VCC                         : 1
#      XORCY                       : 64
# FlipFlops/Latches                : 40
#      FD                          : 39
#      FDE                         : 1
# Clock Buffers                    : 1
#      BUFGP                       : 1
# IO Buffers                       : 8
#      OBUF                        : 8

Device utilization summary:
---------------------------

Selected Device : 6slx16csg324-3 


Slice Logic Utilization: 
 Number of Slice Registers:              40  out of  18224     0%  
 Number of Slice LUTs:                  106  out of   9112     1%  
    Number used as Logic:               106  out of   9112     1%  

Slice Logic Distribution: 
 Number of LUT Flip Flop pairs used:    113
   Number with an unused Flip Flop:      73  out of    113    64%  
   Number with an unused LUT:             7  out of    113     6%  
   Number of fully used LUT-FF pairs:    33  out of    113    29%  
   Number of unique control sets:         3

IO Utilization: 
 Number of IOs:                           9
 Number of bonded IOBs:                   9  out of    232     3%  

Specific Feature Utilization:
 Number of BUFG/BUFGCTRLs:                1  out of     16     6%  

---------------------------
Partition Resource Summary:
---------------------------

  No Partitions were found in this design.

---------------------------


=========================================================================
Timing Report

NOTE: THESE TIMING NUMBERS ARE ONLY A SYNTHESIS ESTIMATE.
      FOR ACCURATE TIMING INFORMATION PLEASE REFER TO THE TRACE REPORT
      GENERATED AFTER PLACE-and-ROUTE.

Clock Information:
------------------
-----------------------------------+------------------------+-------+
Clock Signal                       | Clock buffer(FF name)  | Load  |
-----------------------------------+------------------------+-------+
Inst_clkdiv/clk2                   | NONE(temp_0)           | 7     |
clk                                | BUFGP                  | 33    |
-----------------------------------+------------------------+-------+
INFO:Xst:2169 - HDL ADVISOR - Some clock signals were not automatically buffered by XST with BUFG/BUFR resources. Please use the buffer_type constraint in order to insert these buffers to the clock signals to help prevent skew problems.

Asynchronous Control Signals Information:
----------------------------------------
No asynchronous control signals found in this design

Timing Summary:
---------------
Speed Grade: -3

   Minimum period: 5.648ns (Maximum Frequency: 177.054MHz)
   Minimum input arrival time before clock: No path found
   Maximum output required time after clock: 3.668ns
   Maximum combinational path delay: No path found

Timing Details:
---------------
All values displayed in nanoseconds (ns)

=========================================================================
Timing constraint: Default period analysis for Clock 'Inst_clkdiv/clk2'
  Clock period: 1.199ns (frequency: 833.854MHz)
  Total number of paths / destination ports: 7 / 7
-------------------------------------------------------------------------
Delay:               1.199ns (Levels of Logic = 0)
  Source:            temp_6 (FF)
  Destination:       temp_5 (FF)
  Source Clock:      Inst_clkdiv/clk2 rising
  Destination Clock: Inst_clkdiv/clk2 rising

  Data Path: temp_6 to temp_5
                                Gate     Net
    Cell:in->out      fanout   Delay   Delay  Logical Name (Net Name)
    ----------------------------------------  ------------
     FD:C->Q               3   0.447   0.650  temp_6 (temp_6)
     FD:D                      0.102          temp_5
    ----------------------------------------
    Total                      1.199ns (0.549ns logic, 0.650ns route)
                                       (45.8% logic, 54.2% route)

=========================================================================
Timing constraint: Default period analysis for Clock 'clk'
  Clock period: 5.648ns (frequency: 177.054MHz)
  Total number of paths / destination ports: 17953 / 34
-------------------------------------------------------------------------
Delay:               5.648ns (Levels of Logic = 9)
  Source:            Inst_clkdiv/i_0 (FF)
  Destination:       Inst_clkdiv/i_0 (FF)
  Source Clock:      clk rising
  Destination Clock: clk rising

  Data Path: Inst_clkdiv/i_0 to Inst_clkdiv/i_0
                                Gate     Net
    Cell:in->out      fanout   Delay   Delay  Logical Name (Net Name)
    ----------------------------------------  ------------
     FD:C->Q               2   0.447   0.616  Inst_clkdiv/i_0 (Inst_clkdiv/i_0)
     INV:I->O              1   0.206   0.000  Inst_clkdiv/Madd_i[31]_GND_4_o_add_0_OUT_lut<0>_INV_0 (Inst_clkdiv/Madd_i[31]_GND_4_o_add_0_OUT_lut<0>)
     MUXCY:S->O            1   0.172   0.000  Inst_clkdiv/Madd_i[31]_GND_4_o_add_0_OUT_cy<0> (Inst_clkdiv/Madd_i[31]_GND_4_o_add_0_OUT_cy<0>)
     MUXCY:CI->O           1   0.019   0.000  Inst_clkdiv/Madd_i[31]_GND_4_o_add_0_OUT_cy<1> (Inst_clkdiv/Madd_i[31]_GND_4_o_add_0_OUT_cy<1>)
     MUXCY:CI->O           1   0.019   0.000  Inst_clkdiv/Madd_i[31]_GND_4_o_add_0_OUT_cy<2> (Inst_clkdiv/Madd_i[31]_GND_4_o_add_0_OUT_cy<2>)
     XORCY:CI->O           1   0.180   0.808  Inst_clkdiv/Madd_i[31]_GND_4_o_add_0_OUT_xor<3> (Inst_clkdiv/i[31]_GND_4_o_add_0_OUT<3>)
     LUT3:I0->O            1   0.205   0.580  Inst_clkdiv/GND_4_o_i[31]_equal_2_o<31>5 (Inst_clkdiv/GND_4_o_i[31]_equal_2_o<31>4)
     LUT6:I5->O            3   0.205   0.651  Inst_clkdiv/GND_4_o_i[31]_equal_2_o<31>6 (Inst_clkdiv/GND_4_o_i[31]_equal_2_o<31>5)
     LUT6:I5->O           17   0.205   1.028  Inst_clkdiv/GND_4_o_i[31]_equal_2_o<31>8 (Inst_clkdiv/GND_4_o_i[31]_equal_2_o)
     LUT2:I1->O            1   0.205   0.000  Inst_clkdiv/i_0_rstpot (Inst_clkdiv/i_0_rstpot)
     FD:D                      0.102          Inst_clkdiv/i_0
    ----------------------------------------
    Total                      5.648ns (1.965ns logic, 3.683ns route)
                                       (34.8% logic, 65.2% route)

=========================================================================
Timing constraint: Default OFFSET OUT AFTER for Clock 'Inst_clkdiv/clk2'
  Total number of paths / destination ports: 8 / 8
-------------------------------------------------------------------------
Offset:              3.668ns (Levels of Logic = 1)
  Source:            temp_6 (FF)
  Destination:       led<7> (PAD)
  Source Clock:      Inst_clkdiv/clk2 rising

  Data Path: temp_6 to led<7>
                                Gate     Net
    Cell:in->out      fanout   Delay   Delay  Logical Name (Net Name)
    ----------------------------------------  ------------
     FD:C->Q               3   0.447   0.650  temp_6 (temp_6)
     OBUF:I->O                 2.571          led_7_OBUF (led<7>)
    ----------------------------------------
    Total                      3.668ns (3.018ns logic, 0.650ns route)
                                       (82.3% logic, 17.7% route)

=========================================================================

Cross Clock Domains Report:
--------------------------

Clock to Setup on destination clock Inst_clkdiv/clk2
----------------+---------+---------+---------+---------+
                | Src:Rise| Src:Fall| Src:Rise| Src:Fall|
Source Clock    |Dest:Rise|Dest:Rise|Dest:Fall|Dest:Fall|
----------------+---------+---------+---------+---------+
Inst_clkdiv/clk2|    1.199|         |         |         |
----------------+---------+---------+---------+---------+

Clock to Setup on destination clock clk
---------------+---------+---------+---------+---------+
               | Src:Rise| Src:Fall| Src:Rise| Src:Fall|
Source Clock   |Dest:Rise|Dest:Rise|Dest:Fall|Dest:Fall|
---------------+---------+---------+---------+---------+
clk            |    5.648|         |         |         |
---------------+---------+---------+---------+---------+

=========================================================================


Total REAL time to Xst completion: 2.00 secs
Total CPU time to Xst completion: 2.26 secs
 
--> 


Total memory usage is 356968 kilobytes

Number of errors   :    0 (   0 filtered)
Number of warnings :    0 (   0 filtered)
Number of infos    :    2 (   0 filtered)

