Release 12.4 - xst M.81d (lin64)
Copyright (c) 1995-2010 Xilinx, Inc.  All rights reserved.
--> 
Parameter TMPDIR set to xst/projnav.tmp


Total REAL time to Xst completion: 0.00 secs
Total CPU time to Xst completion: 0.03 secs
 
--> 
Parameter xsthdpdir set to xst


Total REAL time to Xst completion: 0.00 secs
Total CPU time to Xst completion: 0.03 secs
 
--> 
Reading design: shift.prj

TABLE OF CONTENTS
  1) Synthesis Options Summary
  2) HDL Parsing
  3) HDL Elaboration
  4) HDL Synthesis
       4.1) HDL Synthesis Report
  5) Advanced HDL Synthesis
       5.1) Advanced HDL Synthesis Report
  6) Low Level Synthesis
  7) Partition Report
  8) Design Summary
       8.1) Primitive and Black Box Usage
       8.2) Device utilization summary
       8.3) Partition Resource Summary
       8.4) Timing Report
            8.4.1) Clock Information
            8.4.2) Asynchronous Control Signals Information
            8.4.3) Timing Summary
            8.4.4) Timing Details
            8.4.5) Cross Clock Domains Report


=========================================================================
*                      Synthesis Options Summary                        *
=========================================================================
---- Source Parameters
Input File Name                    : "shift.prj"
Input Format                       : mixed
Ignore Synthesis Constraint File   : NO

---- Target Parameters
Output File Name                   : "shift"
Output Format                      : NGC
Target Device                      : xc6slx16-3-csg324

---- Source Options
Top Module Name                    : shift
Automatic FSM Extraction           : YES
FSM Encoding Algorithm             : Auto
Safe Implementation                : No
FSM Style                          : LUT
RAM Extraction                     : Yes
RAM Style                          : Auto
ROM Extraction                     : Yes
Shift Register Extraction          : YES
ROM Style                          : Auto
Resource Sharing                   : YES
Asynchronous To Synchronous        : NO
Shift Register Minimum Size        : 2
Use DSP Block                      : Auto
Automatic Register Balancing       : No

---- Target Options
LUT Combining                      : Auto
Reduce Control Sets                : Auto
Add IO Buffers                     : YES
Global Maximum Fanout              : 100000
Add Generic Clock Buffer(BUFG)     : 16
Register Duplication               : YES
Optimize Instantiated Primitives   : NO
Use Clock Enable                   : Auto
Use Synchronous Set                : Auto
Use Synchronous Reset              : Auto
Pack IO Registers into IOBs        : Auto
Equivalent register Removal        : YES

---- General Options
Optimization Goal                  : Speed
Optimization Effort                : 1
Power Reduction                    : NO
Keep Hierarchy                     : No
Netlist Hierarchy                  : As_Optimized
RTL Output                         : Yes
Global Optimization                : AllClockNets
Read Cores                         : YES
Write Timing Constraints           : NO
Cross Clock Analysis               : NO
Hierarchy Separator                : /
Bus Delimiter                      : <>
Case Specifier                     : Maintain
Slice Utilization Ratio            : 100
BRAM Utilization Ratio             : 100
DSP48 Utilization Ratio            : 100
Auto BRAM Packing                  : NO
Slice Utilization Ratio Delta      : 5

=========================================================================


=========================================================================
*                          HDL Parsing                                  *
=========================================================================
Parsing VHDL file "/home/m1/delbar/Workspace/m1s1aeo/TP4/fpd.vhd" into library work
Parsing entity <fpd>.
Parsing architecture <Behavioral> of entity <fpd>.
Parsing VHDL file "/home/m1/delbar/Workspace/m1s1aeo/TP4/clkdiv.vhd" into library work
Parsing entity <clkdiv>.
Parsing architecture <Behavioral> of entity <clkdiv>.
Parsing VHDL file "/home/m1/delbar/Workspace/m1s1aeo/TP4/shift.vhd" into library work
Parsing entity <shift>.
Parsing architecture <Behavioral> of entity <shift>.

=========================================================================
*                            HDL Elaboration                            *
=========================================================================

Elaborating entity <shift> (architecture <Behavioral>) from library <work>.

Elaborating entity <clkdiv> (architecture <Behavioral>) from library <work>.

Elaborating entity <fpd> (architecture <Behavioral>) with generics from library <work>.

Elaborating entity <fpd> (architecture <Behavioral>) with generics from library <work>.

=========================================================================
*                           HDL Synthesis                               *
=========================================================================

Synthesizing Unit <shift>.
    Related source file is "/home/m1/delbar/Workspace/m1s1aeo/TP4/shift.vhd".
WARNING:Xst:647 - Input <btn<4:0>> is never used. This port will be preserved and left unconnected if it belongs to a top-level block or it belongs to a sub-block and the hierarchy of this sub-block is preserved.
WARNING:Xst:647 - Input <sw<7:0>> is never used. This port will be preserved and left unconnected if it belongs to a top-level block or it belongs to a sub-block and the hierarchy of this sub-block is preserved.
    Summary:
	no macro.
Unit <shift> synthesized.

Synthesizing Unit <clkdiv>.
    Related source file is "/home/m1/delbar/Workspace/m1s1aeo/TP4/clkdiv.vhd".
    Found 1-bit register for signal <clk2>.
    Found 32-bit register for signal <i>.
    Found 32-bit adder for signal <i[31]_GND_4_o_add_0_OUT> created at line 49.
    Summary:
	inferred   1 Adder/Subtractor(s).
	inferred  33 D-type flip-flop(s).
Unit <clkdiv> synthesized.

Synthesizing Unit <fpd_1>.
    Related source file is "/home/m1/delbar/Workspace/m1s1aeo/TP4/fpd.vhd".
        init_value = '0'
    Found 1-bit register for signal <Q>.
    Summary:
	inferred   1 D-type flip-flop(s).
Unit <fpd_1> synthesized.

Synthesizing Unit <fpd_2>.
    Related source file is "/home/m1/delbar/Workspace/m1s1aeo/TP4/fpd.vhd".
        init_value = '1'
    Found 1-bit register for signal <Q>.
    Summary:
	inferred   1 D-type flip-flop(s).
Unit <fpd_2> synthesized.
RTL-Simplification CPUSTAT: 0.00 
RTL-BasicInf CPUSTAT: 0.07 
RTL-BasicOpt CPUSTAT: 0.00 
RTL-Remain-Bus CPUSTAT: 0.00 

=========================================================================
HDL Synthesis Report

Macro Statistics
# Adders/Subtractors                                   : 1
 32-bit adder                                          : 1
# Registers                                            : 10
 1-bit register                                        : 9
 32-bit register                                       : 1

=========================================================================

=========================================================================
*                       Advanced HDL Synthesis                          *
=========================================================================


Synthesizing (advanced) Unit <clkdiv>.
The following registers are absorbed into counter <i>: 1 register on signal <i>.
Unit <clkdiv> synthesized (advanced).

=========================================================================
Advanced HDL Synthesis Report

Macro Statistics
# Adders/Subtractors                                   : 1
 32-bit adder                                          : 1
# Counters                                             : 1
 32-bit up counter                                     : 1
# Registers                                            : 9
 Flip-Flops                                            : 9

=========================================================================

=========================================================================
*                         Low Level Synthesis                           *
=========================================================================

Optimizing unit <shift> ...

Mapping all equations...
Building and optimizing final netlist ...
Found area constraint ratio of 100 (+ 5) on block shift, actual ratio is 0.

Final Macro Processing ...

=========================================================================
Final Register Report

Macro Statistics
# Registers                                            : 41
 Flip-Flops                                            : 41

=========================================================================

=========================================================================
*                           Partition Report                            *
=========================================================================

Partition Implementation Status
-------------------------------

  No Partitions were found in this design.

-------------------------------

=========================================================================
*                            Design Summary                             *
=========================================================================

Top Level Output File Name         : shift.ngc

Primitive and Black Box Usage:
------------------------------
# BELS                             : 234
#      GND                         : 1
#      INV                         : 2
#      LUT1                        : 62
#      LUT2                        : 33
#      LUT3                        : 1
#      LUT5                        : 2
#      LUT6                        : 6
#      MUXCY                       : 62
#      VCC                         : 1
#      XORCY                       : 64
# FlipFlops/Latches                : 41
#      FD                          : 40
#      FDE                         : 1
# Clock Buffers                    : 1
#      BUFGP                       : 1
# IO Buffers                       : 8
#      OBUF                        : 8

Device utilization summary:
---------------------------

Selected Device : 6slx16csg324-3 


Slice Logic Utilization: 
 Number of Slice Registers:              41  out of  18224     0%  
 Number of Slice LUTs:                  106  out of   9112     1%  
    Number used as Logic:               106  out of   9112     1%  

Slice Logic Distribution: 
 Number of LUT Flip Flop pairs used:    114
   Number with an unused Flip Flop:      73  out of    114    64%  
   Number with an unused LUT:             8  out of    114     7%  
   Number of fully used LUT-FF pairs:    33  out of    114    28%  
   Number of unique control sets:         3

IO Utilization: 
 Number of IOs:                          22
 Number of bonded IOBs:                   9  out of    232     3%  

Specific Feature Utilization:
 Number of BUFG/BUFGCTRLs:                1  out of     16     6%  

---------------------------
Partition Resource Summary:
---------------------------

  No Partitions were found in this design.

---------------------------


=========================================================================
Timing Report

NOTE: THESE TIMING NUMBERS ARE ONLY A SYNTHESIS ESTIMATE.
      FOR ACCURATE TIMING INFORMATION PLEASE REFER TO THE TRACE REPORT
      GENERATED AFTER PLACE-and-ROUTE.

Clock Information:
------------------
-----------------------------------+------------------------+-------+
Clock Signal                       | Clock buffer(FF name)  | Load  |
-----------------------------------+------------------------+-------+
clk                                | BUFGP                  | 33    |
Inst_clkdiv/clk2                   | NONE(d6/Q)             | 8     |
-----------------------------------+------------------------+-------+
INFO:Xst:2169 - HDL ADVISOR - Some clock signals were not automatically buffered by XST with BUFG/BUFR resources. Please use the buffer_type constraint in order to insert these buffers to the clock signals to help prevent skew problems.

Asynchronous Control Signals Information:
----------------------------------------
No asynchronous control signals found in this design

Timing Summary:
---------------
Speed Grade: -3

   Minimum period: 5.648ns (Maximum Frequency: 177.054MHz)
   Minimum input arrival time before clock: No path found
   Maximum output required time after clock: 3.634ns
   Maximum combinational path delay: No path found

Timing Details:
---------------
All values displayed in nanoseconds (ns)

=========================================================================
Timing constraint: Default period analysis for Clock 'clk'
  Clock period: 5.648ns (frequency: 177.054MHz)
  Total number of paths / destination ports: 17953 / 34
-------------------------------------------------------------------------
Delay:               5.648ns (Levels of Logic = 9)
  Source:            Inst_clkdiv/i_0 (FF)
  Destination:       Inst_clkdiv/i_0 (FF)
  Source Clock:      clk rising
  Destination Clock: clk rising

  Data Path: Inst_clkdiv/i_0 to Inst_clkdiv/i_0
                                Gate     Net
    Cell:in->out      fanout   Delay   Delay  Logical Name (Net Name)
    ----------------------------------------  ------------
     FD:C->Q               2   0.447   0.616  Inst_clkdiv/i_0 (Inst_clkdiv/i_0)
     INV:I->O              1   0.206   0.000  Inst_clkdiv/Madd_i[31]_GND_4_o_add_0_OUT_lut<0>_INV_0 (Inst_clkdiv/Madd_i[31]_GND_4_o_add_0_OUT_lut<0>)
     MUXCY:S->O            1   0.172   0.000  Inst_clkdiv/Madd_i[31]_GND_4_o_add_0_OUT_cy<0> (Inst_clkdiv/Madd_i[31]_GND_4_o_add_0_OUT_cy<0>)
     MUXCY:CI->O           1   0.019   0.000  Inst_clkdiv/Madd_i[31]_GND_4_o_add_0_OUT_cy<1> (Inst_clkdiv/Madd_i[31]_GND_4_o_add_0_OUT_cy<1>)
     MUXCY:CI->O           1   0.019   0.000  Inst_clkdiv/Madd_i[31]_GND_4_o_add_0_OUT_cy<2> (Inst_clkdiv/Madd_i[31]_GND_4_o_add_0_OUT_cy<2>)
     XORCY:CI->O           1   0.180   0.808  Inst_clkdiv/Madd_i[31]_GND_4_o_add_0_OUT_xor<3> (Inst_clkdiv/i[31]_GND_4_o_add_0_OUT<3>)
     LUT3:I0->O            1   0.205   0.580  Inst_clkdiv/GND_4_o_i[31]_equal_2_o<31>5 (Inst_clkdiv/GND_4_o_i[31]_equal_2_o<31>4)
     LUT6:I5->O            3   0.205   0.651  Inst_clkdiv/GND_4_o_i[31]_equal_2_o<31>6 (Inst_clkdiv/GND_4_o_i[31]_equal_2_o<31>5)
     LUT6:I5->O           17   0.205   1.028  Inst_clkdiv/GND_4_o_i[31]_equal_2_o<31>8 (Inst_clkdiv/GND_4_o_i[31]_equal_2_o)
     LUT2:I1->O            1   0.205   0.000  Inst_clkdiv/i_0_rstpot (Inst_clkdiv/i_0_rstpot)
     FD:D                      0.102          Inst_clkdiv/i_0
    ----------------------------------------
    Total                      5.648ns (1.965ns logic, 3.683ns route)
                                       (34.8% logic, 65.2% route)

=========================================================================
Timing constraint: Default period analysis for Clock 'Inst_clkdiv/clk2'
  Clock period: 1.165ns (frequency: 858.185MHz)
  Total number of paths / destination ports: 8 / 8
-------------------------------------------------------------------------
Delay:               1.165ns (Levels of Logic = 0)
  Source:            d7/Q (FF)
  Destination:       d6/Q (FF)
  Source Clock:      Inst_clkdiv/clk2 rising
  Destination Clock: Inst_clkdiv/clk2 rising

  Data Path: d7/Q to d6/Q
                                Gate     Net
    Cell:in->out      fanout   Delay   Delay  Logical Name (Net Name)
    ----------------------------------------  ------------
     FD:C->Q               2   0.447   0.616  d7/Q (d7/Q)
     FD:D                      0.102          d6/Q
    ----------------------------------------
    Total                      1.165ns (0.549ns logic, 0.616ns route)
                                       (47.1% logic, 52.9% route)

=========================================================================
Timing constraint: Default OFFSET OUT AFTER for Clock 'Inst_clkdiv/clk2'
  Total number of paths / destination ports: 8 / 8
-------------------------------------------------------------------------
Offset:              3.634ns (Levels of Logic = 1)
  Source:            d7/Q (FF)
  Destination:       led<7> (PAD)
  Source Clock:      Inst_clkdiv/clk2 rising

  Data Path: d7/Q to led<7>
                                Gate     Net
    Cell:in->out      fanout   Delay   Delay  Logical Name (Net Name)
    ----------------------------------------  ------------
     FD:C->Q               2   0.447   0.616  d7/Q (d7/Q)
     OBUF:I->O                 2.571          led_7_OBUF (led<7>)
    ----------------------------------------
    Total                      3.634ns (3.018ns logic, 0.616ns route)
                                       (83.0% logic, 17.0% route)

=========================================================================

Cross Clock Domains Report:
--------------------------

Clock to Setup on destination clock Inst_clkdiv/clk2
----------------+---------+---------+---------+---------+
                | Src:Rise| Src:Fall| Src:Rise| Src:Fall|
Source Clock    |Dest:Rise|Dest:Rise|Dest:Fall|Dest:Fall|
----------------+---------+---------+---------+---------+
Inst_clkdiv/clk2|    1.165|         |         |         |
----------------+---------+---------+---------+---------+

Clock to Setup on destination clock clk
---------------+---------+---------+---------+---------+
               | Src:Rise| Src:Fall| Src:Rise| Src:Fall|
Source Clock   |Dest:Rise|Dest:Rise|Dest:Fall|Dest:Fall|
---------------+---------+---------+---------+---------+
clk            |    5.648|         |         |         |
---------------+---------+---------+---------+---------+

=========================================================================


Total REAL time to Xst completion: 3.00 secs
Total CPU time to Xst completion: 2.25 secs
 
--> 


Total memory usage is 357032 kilobytes

Number of errors   :    0 (   0 filtered)
Number of warnings :    2 (   0 filtered)
Number of infos    :    1 (   0 filtered)

