Release 12.4 - xst M.81d (lin64)
Copyright (c) 1995-2010 Xilinx, Inc.  All rights reserved.
--> 
Parameter TMPDIR set to xst/projnav.tmp


Total REAL time to Xst completion: 0.00 secs
Total CPU time to Xst completion: 0.03 secs
 
--> 
Parameter xsthdpdir set to xst


Total REAL time to Xst completion: 0.00 secs
Total CPU time to Xst completion: 0.03 secs
 
--> 
Reading design: C16b.prj

TABLE OF CONTENTS
  1) Synthesis Options Summary
  2) HDL Parsing
  3) HDL Elaboration
  4) HDL Synthesis
       4.1) HDL Synthesis Report
  5) Advanced HDL Synthesis
       5.1) Advanced HDL Synthesis Report
  6) Low Level Synthesis
  7) Partition Report
  8) Design Summary
       8.1) Primitive and Black Box Usage
       8.2) Device utilization summary
       8.3) Partition Resource Summary
       8.4) Timing Report
            8.4.1) Clock Information
            8.4.2) Asynchronous Control Signals Information
            8.4.3) Timing Summary
            8.4.4) Timing Details
            8.4.5) Cross Clock Domains Report


=========================================================================
*                      Synthesis Options Summary                        *
=========================================================================
---- Source Parameters
Input File Name                    : "C16b.prj"
Input Format                       : mixed
Ignore Synthesis Constraint File   : NO

---- Target Parameters
Output File Name                   : "C16b"
Output Format                      : NGC
Target Device                      : xc6slx16-3-csg324

---- Source Options
Top Module Name                    : C16b
Automatic FSM Extraction           : YES
FSM Encoding Algorithm             : Auto
Safe Implementation                : No
FSM Style                          : LUT
RAM Extraction                     : Yes
RAM Style                          : Auto
ROM Extraction                     : Yes
Shift Register Extraction          : YES
ROM Style                          : Auto
Resource Sharing                   : YES
Asynchronous To Synchronous        : NO
Shift Register Minimum Size        : 2
Use DSP Block                      : Auto
Automatic Register Balancing       : No

---- Target Options
LUT Combining                      : Auto
Reduce Control Sets                : Auto
Add IO Buffers                     : YES
Global Maximum Fanout              : 100000
Add Generic Clock Buffer(BUFG)     : 16
Register Duplication               : YES
Optimize Instantiated Primitives   : NO
Use Clock Enable                   : Auto
Use Synchronous Set                : Auto
Use Synchronous Reset              : Auto
Pack IO Registers into IOBs        : Auto
Equivalent register Removal        : YES

---- General Options
Optimization Goal                  : Speed
Optimization Effort                : 1
Power Reduction                    : NO
Keep Hierarchy                     : No
Netlist Hierarchy                  : As_Optimized
RTL Output                         : Yes
Global Optimization                : AllClockNets
Read Cores                         : YES
Write Timing Constraints           : NO
Cross Clock Analysis               : NO
Hierarchy Separator                : /
Bus Delimiter                      : <>
Case Specifier                     : Maintain
Slice Utilization Ratio            : 100
BRAM Utilization Ratio             : 100
DSP48 Utilization Ratio            : 100
Auto BRAM Packing                  : NO
Slice Utilization Ratio Delta      : 5

=========================================================================


=========================================================================
*                          HDL Parsing                                  *
=========================================================================
Parsing VHDL file "/home/m1/delbar/Workspace/m1s1aeo/TP4EX/C16b.vhd" into library work
Parsing entity <C16b>.
Parsing architecture <aC16b> of entity <c16b>.

=========================================================================
*                            HDL Elaboration                            *
=========================================================================

Elaborating entity <C16b> (architecture <aC16b>) from library <work>.

=========================================================================
*                           HDL Synthesis                               *
=========================================================================

Synthesizing Unit <C16b>.
    Related source file is "/home/m1/delbar/Workspace/m1s1aeo/TP4EX/C16b.vhd".
    Found 16-bit register for signal <q>.
    Found 16-bit adder for signal <q[15]_GND_5_o_add_0_OUT> created at line 22.
    Found 1-bit tristate buffer for signal <qs<15>> created at line 28
    Found 1-bit tristate buffer for signal <qs<14>> created at line 28
    Found 1-bit tristate buffer for signal <qs<13>> created at line 28
    Found 1-bit tristate buffer for signal <qs<12>> created at line 28
    Found 1-bit tristate buffer for signal <qs<11>> created at line 28
    Found 1-bit tristate buffer for signal <qs<10>> created at line 28
    Found 1-bit tristate buffer for signal <qs<9>> created at line 28
    Found 1-bit tristate buffer for signal <qs<8>> created at line 28
    Found 1-bit tristate buffer for signal <qs<7>> created at line 28
    Found 1-bit tristate buffer for signal <qs<6>> created at line 28
    Found 1-bit tristate buffer for signal <qs<5>> created at line 28
    Found 1-bit tristate buffer for signal <qs<4>> created at line 28
    Found 1-bit tristate buffer for signal <qs<3>> created at line 28
    Found 1-bit tristate buffer for signal <qs<2>> created at line 28
    Found 1-bit tristate buffer for signal <qs<1>> created at line 28
    Found 1-bit tristate buffer for signal <qs<0>> created at line 28
    Summary:
	inferred   1 Adder/Subtractor(s).
	inferred  16 D-type flip-flop(s).
	inferred  16 Tristate(s).
Unit <C16b> synthesized.
RTL-Simplification CPUSTAT: 0.00 
RTL-BasicInf CPUSTAT: 0.08 
RTL-BasicOpt CPUSTAT: 0.00 
RTL-Remain-Bus CPUSTAT: 0.00 

=========================================================================
HDL Synthesis Report

Macro Statistics
# Adders/Subtractors                                   : 1
 16-bit adder                                          : 1
# Registers                                            : 1
 16-bit register                                       : 1
# Tristates                                            : 16
 1-bit tristate buffer                                 : 16

=========================================================================

=========================================================================
*                       Advanced HDL Synthesis                          *
=========================================================================


Synthesizing (advanced) Unit <C16b>.
The following registers are absorbed into counter <q>: 1 register on signal <q>.
Unit <C16b> synthesized (advanced).

=========================================================================
Advanced HDL Synthesis Report

Macro Statistics
# Counters                                             : 1
 16-bit up counter                                     : 1

=========================================================================

=========================================================================
*                         Low Level Synthesis                           *
=========================================================================

Optimizing unit <C16b> ...

Mapping all equations...
Building and optimizing final netlist ...
Found area constraint ratio of 100 (+ 5) on block C16b, actual ratio is 0.

Final Macro Processing ...

=========================================================================
Final Register Report

Macro Statistics
# Registers                                            : 16
 Flip-Flops                                            : 16

=========================================================================

=========================================================================
*                           Partition Report                            *
=========================================================================

Partition Implementation Status
-------------------------------

  No Partitions were found in this design.

-------------------------------

=========================================================================
*                            Design Summary                             *
=========================================================================

Top Level Output File Name         : C16b.ngc

Primitive and Black Box Usage:
------------------------------
# BELS                             : 50
#      GND                         : 1
#      INV                         : 2
#      LUT1                        : 15
#      MUXCY                       : 15
#      VCC                         : 1
#      XORCY                       : 16
# FlipFlops/Latches                : 16
#      FDR                         : 16
# Clock Buffers                    : 1
#      BUFGP                       : 1
# IO Buffers                       : 18
#      IBUF                        : 2
#      OBUFT                       : 16

Device utilization summary:
---------------------------

Selected Device : 6slx16csg324-3 


Slice Logic Utilization: 
 Number of Slice Registers:              16  out of  18224     0%  
 Number of Slice LUTs:                   17  out of   9112     0%  
    Number used as Logic:                17  out of   9112     0%  

Slice Logic Distribution: 
 Number of LUT Flip Flop pairs used:     17
   Number with an unused Flip Flop:       1  out of     17     5%  
   Number with an unused LUT:             0  out of     17     0%  
   Number of fully used LUT-FF pairs:    16  out of     17    94%  
   Number of unique control sets:         1

IO Utilization: 
 Number of IOs:                          19
 Number of bonded IOBs:                  19  out of    232     8%  

Specific Feature Utilization:
 Number of BUFG/BUFGCTRLs:                1  out of     16     6%  

---------------------------
Partition Resource Summary:
---------------------------

  No Partitions were found in this design.

---------------------------


=========================================================================
Timing Report

NOTE: THESE TIMING NUMBERS ARE ONLY A SYNTHESIS ESTIMATE.
      FOR ACCURATE TIMING INFORMATION PLEASE REFER TO THE TRACE REPORT
      GENERATED AFTER PLACE-and-ROUTE.

Clock Information:
------------------
-----------------------------------+------------------------+-------+
Clock Signal                       | Clock buffer(FF name)  | Load  |
-----------------------------------+------------------------+-------+
clk                                | BUFGP                  | 16    |
-----------------------------------+------------------------+-------+

Asynchronous Control Signals Information:
----------------------------------------
No asynchronous control signals found in this design

Timing Summary:
---------------
Speed Grade: -3

   Minimum period: 1.989ns (Maximum Frequency: 502.702MHz)
   Minimum input arrival time before clock: 2.656ns
   Maximum output required time after clock: 3.634ns
   Maximum combinational path delay: 5.582ns

Timing Details:
---------------
All values displayed in nanoseconds (ns)

=========================================================================
Timing constraint: Default period analysis for Clock 'clk'
  Clock period: 1.989ns (frequency: 502.702MHz)
  Total number of paths / destination ports: 136 / 16
-------------------------------------------------------------------------
Delay:               1.989ns (Levels of Logic = 17)
  Source:            q_0 (FF)
  Destination:       q_15 (FF)
  Source Clock:      clk rising
  Destination Clock: clk rising

  Data Path: q_0 to q_15
                                Gate     Net
    Cell:in->out      fanout   Delay   Delay  Logical Name (Net Name)
    ----------------------------------------  ------------
     FDR:C->Q              2   0.447   0.616  q_0 (q_0)
     INV:I->O              1   0.206   0.000  Mcount_q_lut<0>_INV_0 (Mcount_q_lut<0>)
     MUXCY:S->O            1   0.172   0.000  Mcount_q_cy<0> (Mcount_q_cy<0>)
     MUXCY:CI->O           1   0.019   0.000  Mcount_q_cy<1> (Mcount_q_cy<1>)
     MUXCY:CI->O           1   0.019   0.000  Mcount_q_cy<2> (Mcount_q_cy<2>)
     MUXCY:CI->O           1   0.019   0.000  Mcount_q_cy<3> (Mcount_q_cy<3>)
     MUXCY:CI->O           1   0.019   0.000  Mcount_q_cy<4> (Mcount_q_cy<4>)
     MUXCY:CI->O           1   0.019   0.000  Mcount_q_cy<5> (Mcount_q_cy<5>)
     MUXCY:CI->O           1   0.019   0.000  Mcount_q_cy<6> (Mcount_q_cy<6>)
     MUXCY:CI->O           1   0.019   0.000  Mcount_q_cy<7> (Mcount_q_cy<7>)
     MUXCY:CI->O           1   0.019   0.000  Mcount_q_cy<8> (Mcount_q_cy<8>)
     MUXCY:CI->O           1   0.019   0.000  Mcount_q_cy<9> (Mcount_q_cy<9>)
     MUXCY:CI->O           1   0.019   0.000  Mcount_q_cy<10> (Mcount_q_cy<10>)
     MUXCY:CI->O           1   0.019   0.000  Mcount_q_cy<11> (Mcount_q_cy<11>)
     MUXCY:CI->O           1   0.019   0.000  Mcount_q_cy<12> (Mcount_q_cy<12>)
     MUXCY:CI->O           1   0.019   0.000  Mcount_q_cy<13> (Mcount_q_cy<13>)
     MUXCY:CI->O           0   0.019   0.000  Mcount_q_cy<14> (Mcount_q_cy<14>)
     XORCY:CI->O           1   0.180   0.000  Mcount_q_xor<15> (Result<15>)
     FDR:D                     0.102          q_15
    ----------------------------------------
    Total                      1.989ns (1.373ns logic, 0.616ns route)
                                       (69.0% logic, 31.0% route)

=========================================================================
Timing constraint: Default OFFSET IN BEFORE for Clock 'clk'
  Total number of paths / destination ports: 16 / 16
-------------------------------------------------------------------------
Offset:              2.656ns (Levels of Logic = 1)
  Source:            raz (PAD)
  Destination:       q_0 (FF)
  Destination Clock: clk rising

  Data Path: raz to q_0
                                Gate     Net
    Cell:in->out      fanout   Delay   Delay  Logical Name (Net Name)
    ----------------------------------------  ------------
     IBUF:I->O            16   1.222   1.004  raz_IBUF (raz_IBUF)
     FDR:R                     0.430          q_0
    ----------------------------------------
    Total                      2.656ns (1.652ns logic, 1.004ns route)
                                       (62.2% logic, 37.8% route)

=========================================================================
Timing constraint: Default OFFSET OUT AFTER for Clock 'clk'
  Total number of paths / destination ports: 16 / 16
-------------------------------------------------------------------------
Offset:              3.634ns (Levels of Logic = 1)
  Source:            q_15 (FF)
  Destination:       qs<15> (PAD)
  Source Clock:      clk rising

  Data Path: q_15 to qs<15>
                                Gate     Net
    Cell:in->out      fanout   Delay   Delay  Logical Name (Net Name)
    ----------------------------------------  ------------
     FDR:C->Q              2   0.447   0.616  q_15 (q_15)
     OBUFT:I->O                2.571          qs_15_OBUFT (qs<15>)
    ----------------------------------------
    Total                      3.634ns (3.018ns logic, 0.616ns route)
                                       (83.0% logic, 17.0% route)

=========================================================================
Timing constraint: Default path analysis
  Total number of paths / destination ports: 16 / 16
-------------------------------------------------------------------------
Delay:               5.582ns (Levels of Logic = 3)
  Source:            enable (PAD)
  Destination:       qs<15> (PAD)

  Data Path: enable to qs<15>
                                Gate     Net
    Cell:in->out      fanout   Delay   Delay  Logical Name (Net Name)
    ----------------------------------------  ------------
     IBUF:I->O             1   1.222   0.579  enable_IBUF (enable_IBUF)
     INV:I->O             16   0.206   1.004  enable_inv1_INV_0 (enable_inv)
     OBUFT:T->O                2.571          qs_15_OBUFT (qs<15>)
    ----------------------------------------
    Total                      5.582ns (3.999ns logic, 1.583ns route)
                                       (71.6% logic, 28.4% route)

=========================================================================

Cross Clock Domains Report:
--------------------------

Clock to Setup on destination clock clk
---------------+---------+---------+---------+---------+
               | Src:Rise| Src:Fall| Src:Rise| Src:Fall|
Source Clock   |Dest:Rise|Dest:Rise|Dest:Fall|Dest:Fall|
---------------+---------+---------+---------+---------+
clk            |    1.989|         |         |         |
---------------+---------+---------+---------+---------+

=========================================================================


Total REAL time to Xst completion: 2.00 secs
Total CPU time to Xst completion: 2.16 secs
 
--> 


Total memory usage is 358396 kilobytes

Number of errors   :    0 (   0 filtered)
Number of warnings :    0 (   0 filtered)
Number of infos    :    0 (   0 filtered)

